<testsuites id="" name="" tests="1" failures="0" skipped="0" errors="0" time="21.612804">
<testsuite name="Manageorders.test.ts" timestamp="2026-03-10T23:03:56.842Z" hostname="chromium" tests="1" failures="0" skipped="0" time="19.864" errors="0">
<testcase name="Smokevana ERP - Manage Orders › Scenario 3 - Manage Order Fulfillment" classname="Manageorders.test.ts" time="19.864">
<system-out>
<![CDATA[Filling username: admin...
Filling password...
Clicking Sign in...

[[ATTACHMENT|test-results\Manageorders-Smokevana-ERP-48bb0----Manage-Order-Fulfillment-chromium\test-finished-1.png]]

[[ATTACHMENT|test-results\Manageorders-Smokevana-ERP-48bb0----Manage-Order-Fulfillment-chromium\video.webm]]

[[ATTACHMENT|test-results\Manageorders-Smokevana-ERP-48bb0----Manage-Order-Fulfillment-chromium\trace.zip]]
]]>
</system-out>
</testcase>
</testsuite>
</testsuites>